C51 COMPILER V9.60.0.0   BSP_XX                                                            03/12/2022 17:39:58 PAGE 1   


C51 COMPILER V9.60.0.0, COMPILATION OF MODULE BSP_XX
OBJECT MODULE PLACED IN .\Objects\bsp_xx.obj
COMPILER INVOKED BY: D:\keil 5\anzhuangdizhi\C51\BIN\C51.EXE users\bsp_xx.c OPTIMIZE(8,SPEED) BROWSE INCDIR(.\users) DEB
                    -UG OBJECTEXTEND PRINT(.\Listings\bsp_xx.lst) TABS(2) OBJECT(.\Objects\bsp_xx.obj)

line level    source

   1          /**
   2            ********************************************************************************************************
             -*****************
   3            * @file    xxxx.c
   4            * @author  
   5            * @version V1.0
   6            * @date    2022-01-20
   7            * @brief   蓝桥杯嵌入式xx板模块
   8            ********************************************************************************************************
             -*****************
   9            * @attention
  10            *
  11            * 
  12            *
  13            ********************************************************************************************************
             -*****************
  14            */
  15          
  16          /* Includes ----------------------------------------------------------------------------------------------
             ----------------*/
  17           
  18          /* 定义 --------------------------------------------------------------------------------------------------
             ----------------*/
  19          
  20          /**
  21           * @brief  
  22           * @param  无 参数
  23           * @retval 无
  24           */
  25          
  26          /*****************************************************END OF FILE*****************************************
             -****************/ 


MODULE INFORMATION:   STATIC OVERLAYABLE
   CODE SIZE        =   ----    ----
   CONSTANT SIZE    =   ----    ----
   XDATA SIZE       =   ----    ----
   PDATA SIZE       =   ----    ----
   DATA SIZE        =   ----    ----
   IDATA SIZE       =   ----    ----
   BIT SIZE         =   ----    ----
END OF MODULE INFORMATION.


C51 COMPILATION COMPLETE.  0 WARNING(S),  0 ERROR(S)
