C51 COMPILER V9.60.0.0   DELAY                                                             03/12/2022 10:31:41 PAGE 1   


C51 COMPILER V9.60.0.0, COMPILATION OF MODULE DELAY
OBJECT MODULE PLACED IN .\Objects\Delay.obj
COMPILER INVOKED BY: D:\keil 5\anzhuangdizhi\C51\BIN\C51.EXE users\Delay.c OPTIMIZE(8,SPEED) BROWSE INCDIR(.\users) DEBU
                    -G OBJECTEXTEND PRINT(.\Listings\Delay.lst) TABS(2) OBJECT(.\Objects\Delay.obj)

line level    source

   1          #include "Delay.h"
   2          #include "intrins.h"
   3          
   4          
   5          
   6          void delay_ms(unsigned int xTime)
   7          {
   8   1        unsigned char i=0;
   9   1        for(;xTime>0;xTime--)
  10   1          for(i=110;i>0;i--);
  11   1      }
  12          
  13          //void delay_us(unsigned int wTime)
  14          //{
  15          //  for(;wTime>0;wTime--)
  16          //  {
  17          //    _nop_();
  18          //  }
  19          //}
  20          


MODULE INFORMATION:   STATIC OVERLAYABLE
   CODE SIZE        =     32    ----
   CONSTANT SIZE    =   ----    ----
   XDATA SIZE       =   ----    ----
   PDATA SIZE       =   ----    ----
   DATA SIZE        =   ----    ----
   IDATA SIZE       =   ----    ----
   BIT SIZE         =   ----    ----
END OF MODULE INFORMATION.


C51 COMPILATION COMPLETE.  0 WARNING(S),  0 ERROR(S)
