C51 COMPILER V9.60.0.0   DHT11                                                             03/12/2022 21:06:28 PAGE 1   


C51 COMPILER V9.60.0.0, COMPILATION OF MODULE DHT11
OBJECT MODULE PLACED IN .\Objects\dht11.obj
COMPILER INVOKED BY: D:\keil 5\anzhuangdizhi\C51\BIN\C51.EXE users\dht11.c OPTIMIZE(8,SPEED) BROWSE INCDIR(.\users) DEBU
                    -G OBJECTEXTEND PRINT(.\Listings\dht11.lst) TABS(2) OBJECT(.\Objects\dht11.obj)

line level    source

   1          #include "dht11.h"
   2          #include "lcd.h"
   3          #include "stdio.h"
*** WARNING C245 IN LINE 40 OF D:\keil 5\anzhuangdizhi\C51\Inc\stdio.h: unknown #pragma, line ignored
   4          //#include "uart.h"
   5          
   6          
   7          //延时us   --2*n+5us
   8          void DHT11_delay_us(unsigned char n)
   9          {
  10   1          while(--n);
  11   1      }
  12          
  13          //延时ms
  14          void DHT11_delay_ms(unsigned int z)
  15          {
  16   1         unsigned int i,j;
  17   1         for(i=z;i>0;i--)
  18   1            for(j=110;j>0;j--);
  19   1      }
  20          /*------------------------------------------------
  21                        DHT11开始信号
  22          ------------------------------------------------*/
  23          void DHT11_start()
  24          {
  25   1         Data=1;
  26   1         DHT11_delay_us(2);
  27   1         Data=0;
  28   1         DHT11_delay_ms(20);   //延时18ms以上
  29   1         Data=1;
  30   1         DHT11_delay_us(30);
  31   1      }
  32          
  33          /*------------------------------------------------
  34                        接收八位二进制
  35          ------------------------------------------------*/
  36          unsigned char DHT11_rec_byte()      //接收一个字节
  37          {
  38   1      
  39   1        unsigned char i,dat;
  40   1       
  41   1        
  42   1        for(i=0;i<8;i++)
  43   1        {
  44   2            while(!Data);//度过54us低电平
  45   2            DHT11_delay_us(8);//延时30us后判断高电平为1否则为零
  46   2            dat<<=1;
  47   2            if(Data==1)
  48   2            {
  49   3              dat+=1;
  50   3            }
  51   2            while(Data);
  52   2        }
  53   1       
C51 COMPILER V9.60.0.0   DHT11                                                             03/12/2022 21:06:28 PAGE 2   

  54   1        return dat;
  55   1      }
  56          
  57          /*------------------------------------------------
  58                        接收40bit数据
  59          ------------------------------------------------*/
  60          void DHT11_receive()      //接收40位的数据
  61          {
  62   1          unsigned char R_H,R_L,T_H,T_L,revise; 
  63   1        
  64   1          DHT11_start();
  65   1       
  66   1          if(Data==0)
  67   1          { 
  68   2            while(Data==0);   //等待拉高     
  69   2            DHT11_delay_us(60);  //拉高后延时80us
  70   2        
  71   2            R_H=DHT11_rec_byte();    //接收湿度高八位  
  72   2            R_L=DHT11_rec_byte();    //接收湿度低八位  
  73   2            T_H=DHT11_rec_byte();    //接收温度高八位  
  74   2            T_L=DHT11_rec_byte();    //接收温度低八位
  75   2            revise=DHT11_rec_byte(); //接收校正位
  76   2      
  77   2            DHT11_delay_us(25);    //结束
  78   2            
  79   2            LCD_WriteDisplay(1, 5,'0'+R_H/10);
  80   2            LCD_WriteDisplay(1, 6,'0'+R_H%10);
  81   2              
  82   2            LCD_WriteDisplay(1, 13,'0'+T_H/10);
  83   2            LCD_WriteDisplay(1, 14,'0'+T_H%10);
  84   2          }
  85   1      }
  86           


MODULE INFORMATION:   STATIC OVERLAYABLE
   CODE SIZE        =    206    ----
   CONSTANT SIZE    =   ----    ----
   XDATA SIZE       =   ----    ----
   PDATA SIZE       =   ----    ----
   DATA SIZE        =   ----       5
   IDATA SIZE       =   ----    ----
   BIT SIZE         =   ----    ----
END OF MODULE INFORMATION.


C51 COMPILATION COMPLETE.  1 WARNING(S),  0 ERROR(S)
