C51 COMPILER V9.60.0.0   KEY                                                               03/12/2022 11:47:29 PAGE 1   


C51 COMPILER V9.60.0.0, COMPILATION OF MODULE KEY
OBJECT MODULE PLACED IN .\Objects\key.obj
COMPILER INVOKED BY: D:\keil 5\anzhuangdizhi\C51\BIN\C51.EXE users\key.c OPTIMIZE(8,SPEED) BROWSE INCDIR(.\users) DEBUG 
                    -OBJECTEXTEND PRINT(.\Listings\key.lst) TABS(2) OBJECT(.\Objects\key.obj)

line level    source

   1          #include "key.h"
   2          #include "Delay.h"
   3          
   4          /**
   5            * @brief  按键检测函数
   6            * @param  无  
   7            * @retval 按键键值
   8            */
   9          unsigned char KeyScan(void)
  10          {
  11   1        unsigned char key_val =  0;
  12   1        
  13   1        if (KEY1 == 0)
  14   1        {
  15   2          delay_ms(20);
  16   2          if (KEY1 == 0)
  17   2          {
  18   3            key_val = 1;
  19   3          }
  20   2        } 
  21   1        if (KEY2 == 0)
  22   1        {
  23   2          delay_ms(20);
  24   2          if (KEY2 == 0)
  25   2          {
  26   3            key_val = 2;
  27   3          }
  28   2        } 
  29   1        if (KEY3 == 0)
  30   1        {
  31   2          delay_ms(20);
  32   2          if (KEY3 == 0)
  33   2          {
  34   3            key_val = 3;
  35   3          }
  36   2        }
  37   1        if (KEY4 == 0)
  38   1        {
  39   2          delay_ms(20);
  40   2          if (KEY4 == 0)
  41   2          {
  42   3            key_val = 4;
  43   3          }
  44   2        } 
  45   1        return key_val;
  46   1      }


MODULE INFORMATION:   STATIC OVERLAYABLE
   CODE SIZE        =     69    ----
   CONSTANT SIZE    =   ----    ----
   XDATA SIZE       =   ----    ----
   PDATA SIZE       =   ----    ----
   DATA SIZE        =   ----       1
C51 COMPILER V9.60.0.0   KEY                                                               03/12/2022 11:47:29 PAGE 2   

   IDATA SIZE       =   ----    ----
   BIT SIZE         =   ----    ----
END OF MODULE INFORMATION.


C51 COMPILATION COMPLETE.  0 WARNING(S),  0 ERROR(S)
