C51 COMPILER V9.60.0.0   LEDBEEP                                                           03/12/2022 14:45:09 PAGE 1   


C51 COMPILER V9.60.0.0, COMPILATION OF MODULE LEDBEEP
OBJECT MODULE PLACED IN .\Objects\ledbeep.obj
COMPILER INVOKED BY: D:\keil 5\anzhuangdizhi\C51\BIN\C51.EXE users\ledbeep.c OPTIMIZE(8,SPEED) BROWSE INCDIR(.\users) DE
                    -BUG OBJECTEXTEND PRINT(.\Listings\ledbeep.lst) TABS(2) OBJECT(.\Objects\ledbeep.obj)

line level    source

   1          #include "ledbeep.h"
   2          #include "Delay.h"
   3          
   4          void  led_control(unsigned char led)
   5          {
   6   1         if(led==1)
   7   1         {
   8   2          LED=0;
   9   2         }
  10   1         else
  11   1         {
  12   2          LED=1;
  13   2         }
  14   1      }
  15          
  16          void  beep_control(unsigned char beep)
  17          {
  18   1          if(beep==1)
  19   1         {
  20   2          BEEP=0;
  21   2           delay_ms(20);
  22   2           BEEP=1;
  23   2         }
  24   1         else
  25   1         {
  26   2          BEEP=1;
  27   2         }
  28   1      }


MODULE INFORMATION:   STATIC OVERLAYABLE
   CODE SIZE        =     30    ----
   CONSTANT SIZE    =   ----    ----
   XDATA SIZE       =   ----    ----
   PDATA SIZE       =   ----    ----
   DATA SIZE        =   ----    ----
   IDATA SIZE       =   ----    ----
   BIT SIZE         =   ----    ----
END OF MODULE INFORMATION.


C51 COMPILATION COMPLETE.  0 WARNING(S),  0 ERROR(S)
