C51 COMPILER V9.60.0.0   USART                                                             03/12/2022 14:31:51 PAGE 1   


C51 COMPILER V9.60.0.0, COMPILATION OF MODULE USART
OBJECT MODULE PLACED IN .\Objects\usart.obj
COMPILER INVOKED BY: D:\keil 5\anzhuangdizhi\C51\BIN\C51.EXE users\usart.c OPTIMIZE(8,SPEED) BROWSE INCDIR(.\users) DEBU
                    -G OBJECTEXTEND PRINT(.\Listings\usart.lst) TABS(2) OBJECT(.\Objects\usart.obj)

line level    source

   1          #include "usart.h"
   2          #include "Delay.h"
   3          
   4          //以下是开机后发送到手机的内容，发送的号码在程序中修改。  
   5          unsigned int  rec_data_len_uart=0;    //标记Buffer_Uart0接收数组
   6          unsigned char idata Buffer_Uart0_Rec[25]={0};    //Uart0中断接收数组
   7          
   8          //注意，无论接收到信号还是发送完信号，都会进中断服务程序的
   9          /*初始化程序（必须使用，否则无法收发），次程序将会使用定时器1*/
  10          void SerialInti()//初始化程序（必须使用，否则无法收发）
  11          {
  12   1        TMOD=0x20;//定时器1操作模式2:8位自动重载定时器
  13   1        
  14   1        TH1=0xfd;//装入初值，波特率9600
  15   1        TL1=0xfd; 
  16   1        
  17   1        TR1=1;//打开定时器
  18   1        SM0=0;//设置串行通讯工作模式，（10为一部发送，波特率可变，由定时器1的溢出率控制）
  19   1        SM1=1;//(同上)在此模式下，定时器溢出一次就发送一个位的数据
  20   1        REN=1;//串行接收允许位（要先设置sm0sm1再开串行允许）
  21   1        EA=1;//开总中断
  22   1        ES=1;//开串行口中断 
  23   1      }
  24          
  25          /*串行通讯中断，收发完成将进入该中断*/
  26          void Serial_interrupt() interrupt 4 
  27          {
  28   1        unsigned char temp_rec_data_uart0;  
  29   1        temp_rec_data_uart0 = SBUF;//读取接收数据   
  30   1        RI=0;//接收中断信号清零，表示将继续接收     
  31   1        Buffer_Uart0_Rec[rec_data_len_uart]=temp_rec_data_uart0;  //接收数据
  32   1        rec_data_len_uart++;
  33   1        if(rec_data_len_uart>24)
  34   1        {
  35   2          rec_data_len_uart=0;  //从头开始接收数据
  36   2        } 
  37   1      }
  38          
  39          void Uart1Send(uchar c)
  40          {
  41   1        SBUF=c;
  42   1        while(!TI);//等待发送完成信号（TI=1）出现
  43   1        TI=0; 
  44   1      }
  45          
  46          //串行口连续发送char型数组，遇到终止号/0将停止
  47          void Uart1Sends(uchar *str)
  48          {
  49   1        while(*str!='\0')
  50   1        {
  51   2          SBUF=*str;
  52   2          while(!TI);//等待发送完成信号（TI=1）出现
  53   2          TI=0;
  54   2          str++;
C51 COMPILER V9.60.0.0   USART                                                             03/12/2022 14:31:51 PAGE 2   

  55   2        }
  56   1      }
  57          
  58          void Gsm_proc(void)
  59          {
  60   1                          //提示开始发送指令，开始发送指令时，务必确认模块上的LED 已经慢闪，即模块已经注册到网络
  61   1          //----------------为什么是下面这些AT指令呢，请看群共享文件SIM900A重要的短信指令文件------------
  62   1          Uart1Sends("AT+CSCS=\"UCS2\"\r\n");
  63   1          delay_ms(1000);//延时大约3秒
  64   1          Uart1Sends("AT+CMGF=1\r\n");
  65   1          delay_ms(1000);//延时3秒
  66   1          Uart1Sends("AT+CSCA?\r\n");
  67   1          delay_ms(1000);//延时3秒
  68   1          Uart1Sends("AT+CSMP=17,167,0,25\r\n");
  69   1          delay_ms(1000);//延时3秒                         
  70   1          Uart1Sends("AT+CMGS=\"0031003500390038003300360037003400350030\"\r\n");
  71   1          //此处修改为对方的电话号，电话话的UNICON编码，可使用我们配套的
  72   1          //资料包中的 中文转UNICON编码工具来获取。特别注意：那个软件
  73   1          //获得的unicon 编码待有空格，实际中要去掉，否则模块会报错
  74   1          delay_ms(1000);//延时3秒
  75   1          Uart1Sends("起火了！请打119");//修改短信内容,短信内容可为中文、英文和数字，但都是对应的unicon 编码。
  76   1          Uart1Send(0x1a);
  77   1          delay_ms(5000);//延时20秒
  78   1                   //提示发送完毕
  79   1      }
  80          
  81          
  82          
  83          
  84          ///*串口初始化函数*/
  85          //void Usart_Init(void)//9600
  86          //{ 
  87          //  SCON=0X50;      
  88          //  TMOD=0X20;      
  89          //  PCON=0X00;    
  90          //  TH1=0XFd;       
  91          //  TL1=0XFd;
  92          //  TR1=1;          
  93          //  ES = 1;        
  94          //  EA = 1;         
  95          //}
  96          ///*chuankou*/  
  97          //void Uart_SendChar(unsigned char  dat)
  98          //{
  99          //    SBUF = dat; 
 100          //    while(!TI); 
 101          //    TI = 0; 
 102          //}


MODULE INFORMATION:   STATIC OVERLAYABLE
   CODE SIZE        =    207    ----
   CONSTANT SIZE    =    131    ----
   XDATA SIZE       =   ----    ----
   PDATA SIZE       =   ----    ----
   DATA SIZE        =      2    ----
   IDATA SIZE       =     25    ----
   BIT SIZE         =   ----    ----
END OF MODULE INFORMATION.


C51 COMPILATION COMPLETE.  0 WARNING(S),  0 ERROR(S)
